2010-10-22 18:24:45 Warning: Warning (512): <span style="color:Red;text-align:left"><b>SQL Error:</b> 1064: You have an error in your SQL syntax; check the manual that corresponds to your MySQL server version for the right syntax to use near 'findAll' at line 1</span> in [D:\xampp_1.7.3\xampp\htdocs\superparts_s2\cake\libs\model\datasources\dbo_source.php, line 681]
2010-10-22 18:26:13 Warning: Warning (512): <span style="color:Red;text-align:left"><b>SQL Error:</b> 1064: You have an error in your SQL syntax; check the manual that corresponds to your MySQL server version for the right syntax to use near 'findAll' at line 1</span> in [D:\xampp_1.7.3\xampp\htdocs\superparts_s2\cake\libs\model\datasources\dbo_source.php, line 681]
2010-10-22 18:28:38 Warning: Warning (512): <span style="color:Red;text-align:left"><b>SQL Error:</b> 1064: You have an error in your SQL syntax; check the manual that corresponds to your MySQL server version for the right syntax to use near 'findAll' at line 1</span> in [D:\xampp_1.7.3\xampp\htdocs\superparts_s2\cake\libs\model\datasources\dbo_source.php, line 681]
2010-10-22 18:29:49 Warning: Warning (512): <span style="color:Red;text-align:left"><b>SQL Error:</b> 1064: You have an error in your SQL syntax; check the manual that corresponds to your MySQL server version for the right syntax to use near 'findAll' at line 1</span> in [D:\xampp_1.7.3\xampp\htdocs\superparts_s2\cake\libs\model\datasources\dbo_source.php, line 681]
2010-10-22 18:52:09 Warning: Warning (2): Invalid argument supplied for foreach() in [D:\xampp_1.7.3\xampp\htdocs\superparts_s2\app\views\customers\list_all.ctp, line 43]
2010-10-22 18:57:19 Warning: Warning (2): Invalid argument supplied for foreach() in [D:\xampp_1.7.3\xampp\htdocs\superparts_s2\app\views\customers\list_all.ctp, line 43]
2010-10-22 18:59:24 Warning: Warning (2): Invalid argument supplied for foreach() in [D:\xampp_1.7.3\xampp\htdocs\superparts_s2\app\views\customers\list_all.ctp, line 44]
2010-10-22 19:00:19 Warning: Warning (2): Invalid argument supplied for foreach() in [D:\xampp_1.7.3\xampp\htdocs\superparts_s2\app\views\customers\list_all.ctp, line 44]
2010-10-23 12:03:41 Warning: Warning (2): date() expects at least 1 parameter, 0 given in [D:\xampp_1.7.3\xampp\htdocs\superparts_s2\app\controllers\customers_controller.php, line 48]
2010-10-24 21:25:51 Warning: Warning (2): preg_match() [<a href='http://php.net/function.preg-match'>function.preg-match</a>]: Empty regular expression in [D:\xampp_1.7.3\xampp\htdocs\superparts_s2\cake\libs\model\model.php, line 2596]
2010-10-24 21:25:51 Warning: Warning (2): preg_match() [<a href='http://php.net/function.preg-match'>function.preg-match</a>]: Delimiter must not be alphanumeric or backslash in [D:\xampp_1.7.3\xampp\htdocs\superparts_s2\cake\libs\model\model.php, line 2596]
2010-10-24 21:26:14 Warning: Warning (2): preg_match() [<a href='http://php.net/function.preg-match'>function.preg-match</a>]: Empty regular expression in [D:\xampp_1.7.3\xampp\htdocs\superparts_s2\cake\libs\model\model.php, line 2596]
2010-10-24 21:26:14 Warning: Warning (2): preg_match() [<a href='http://php.net/function.preg-match'>function.preg-match</a>]: Delimiter must not be alphanumeric or backslash in [D:\xampp_1.7.3\xampp\htdocs\superparts_s2\cake\libs\model\model.php, line 2596]
2010-10-24 21:27:04 Warning: Warning (2): preg_match() [<a href='http://php.net/function.preg-match'>function.preg-match</a>]: Delimiter must not be alphanumeric or backslash in [D:\xampp_1.7.3\xampp\htdocs\superparts_s2\cake\libs\model\model.php, line 2596]
2010-10-24 21:28:11 Warning: Warning (2): preg_match() [<a href='http://php.net/function.preg-match'>function.preg-match</a>]: Delimiter must not be alphanumeric or backslash in [D:\xampp_1.7.3\xampp\htdocs\superparts_s2\cake\libs\model\model.php, line 2596]
2010-10-24 21:28:27 Warning: Warning (2): preg_match() [<a href='http://php.net/function.preg-match'>function.preg-match</a>]: Delimiter must not be alphanumeric or backslash in [D:\xampp_1.7.3\xampp\htdocs\superparts_s2\cake\libs\model\model.php, line 2596]
2010-10-24 21:28:32 Warning: Warning (2): preg_match() [<a href='http://php.net/function.preg-match'>function.preg-match</a>]: Delimiter must not be alphanumeric or backslash in [D:\xampp_1.7.3\xampp\htdocs\superparts_s2\cake\libs\model\model.php, line 2596]
2010-10-24 21:30:14 Warning: Warning (2): preg_match() [<a href='http://php.net/function.preg-match'>function.preg-match</a>]: Delimiter must not be alphanumeric or backslash in [D:\xampp_1.7.3\xampp\htdocs\superparts_s2\cake\libs\model\model.php, line 2596]
2010-10-24 21:32:36 Warning: Warning (2): preg_match() [<a href='http://php.net/function.preg-match'>function.preg-match</a>]: Delimiter must not be alphanumeric or backslash in [D:\xampp_1.7.3\xampp\htdocs\superparts_s2\cake\libs\model\model.php, line 2596]
2010-10-24 21:33:25 Warning: Warning (2): preg_match() [<a href='http://php.net/function.preg-match'>function.preg-match</a>]: Delimiter must not be alphanumeric or backslash in [D:\xampp_1.7.3\xampp\htdocs\superparts_s2\cake\libs\model\model.php, line 2596]
2010-10-24 21:34:41 Warning: Warning (2): preg_match() [<a href='http://php.net/function.preg-match'>function.preg-match</a>]: Delimiter must not be alphanumeric or backslash in [D:\xampp_1.7.3\xampp\htdocs\superparts_s2\cake\libs\model\model.php, line 2596]
2010-10-24 21:34:51 Warning: Warning (2): preg_match() [<a href='http://php.net/function.preg-match'>function.preg-match</a>]: Delimiter must not be alphanumeric or backslash in [D:\xampp_1.7.3\xampp\htdocs\superparts_s2\cake\libs\model\model.php, line 2596]
2010-10-24 21:35:00 Warning: Warning (2): preg_match() [<a href='http://php.net/function.preg-match'>function.preg-match</a>]: Delimiter must not be alphanumeric or backslash in [D:\xampp_1.7.3\xampp\htdocs\superparts_s2\cake\libs\model\model.php, line 2596]
2010-10-24 21:40:03 Warning: Warning (2): preg_match() [<a href='http://php.net/function.preg-match'>function.preg-match</a>]: Empty regular expression in [D:\xampp_1.7.3\xampp\htdocs\superparts_s2\cake\libs\model\model.php, line 2596]
2010-10-24 21:40:10 Warning: Warning (2): preg_match() [<a href='http://php.net/function.preg-match'>function.preg-match</a>]: Empty regular expression in [D:\xampp_1.7.3\xampp\htdocs\superparts_s2\cake\libs\model\model.php, line 2596]
2010-10-24 21:40:15 Warning: Warning (2): preg_match() [<a href='http://php.net/function.preg-match'>function.preg-match</a>]: Delimiter must not be alphanumeric or backslash in [D:\xampp_1.7.3\xampp\htdocs\superparts_s2\cake\libs\model\model.php, line 2596]
2010-10-24 23:54:13 Warning: Warning (512): <span style="color:Red;text-align:left"><b>SQL Error:</b> 1064: You have an error in your SQL syntax; check the manual that corresponds to your MySQL server version for the right syntax to use near 'des  LIMIT 3' at line 1</span> in [D:\xampp_1.7.3\xampp\htdocs\superparts_s2\cake\libs\model\datasources\dbo_source.php, line 681]
2010-10-24 23:54:13 Warning: Warning (2): Invalid argument supplied for foreach() in [D:\xampp_1.7.3\xampp\htdocs\superparts_s2\app\views\customers\list_all.ctp, line 47]
2010-10-24 23:57:39 Warning: Warning (512): Controller::paginate() - can't find model Recipe in controller CustomersController in [D:\xampp_1.7.3\xampp\htdocs\superparts_s2\cake\libs\controller\controller.php, line 1106]
2010-10-25 00:59:38 Warning: Warning (2): array_merge_recursive() [<a href='http://php.net/function.array-merge-recursive'>function.array-merge-recursive</a>]: recursion detected in [D:\xampp_1.7.3\xampp\htdocs\superparts_s2\cake\libs\view\view.php, line 384]
2010-10-25 01:00:20 Warning: Warning (2): array_merge_recursive() [<a href='http://php.net/function.array-merge-recursive'>function.array-merge-recursive</a>]: recursion detected in [D:\xampp_1.7.3\xampp\htdocs\superparts_s2\cake\libs\view\view.php, line 384]
2010-10-25 01:21:06 Warning: Warning (512): Method PaginatorHelper::firstTag does not exist in [D:\xampp_1.7.3\xampp\htdocs\superparts_s2\cake\libs\view\helper.php, line 154]
2010-10-25 01:28:54 Warning: Warning (512): Method CustomPaginatorHelper::firstTag does not exist in [D:\xampp_1.7.3\xampp\htdocs\superparts_s2\cake\libs\view\helper.php, line 154]
2010-10-25 02:48:45 Warning: Warning (2): array_merge() [<a href='http://php.net/function.array-merge'>function.array-merge</a>]: Argument #2 is not an array in [D:\xampp_1.7.3\xampp\htdocs\superparts_s2\cake\libs\controller\controller.php, line 1109]
2010-10-25 02:48:45 Warning: Warning (2): array_keys() expects parameter 1 to be array, null given in [D:\xampp_1.7.3\xampp\htdocs\superparts_s2\cake\libs\controller\controller.php, line 1151]
2010-10-25 02:48:45 Warning: Warning (2): array_merge() [<a href='http://php.net/function.array-merge'>function.array-merge</a>]: Argument #3 is not an array in [D:\xampp_1.7.3\xampp\htdocs\superparts_s2\cake\libs\controller\controller.php, line 1177]
2010-10-25 02:50:06 Warning: Warning (2): array_merge() [<a href='http://php.net/function.array-merge'>function.array-merge</a>]: Argument #2 is not an array in [D:\xampp_1.7.3\xampp\htdocs\superparts_s2\app\controllers\customers_controller.php, line 44]
2010-10-25 23:53:20 Warning: Warning (2): Invalid argument supplied for foreach() in [D:\xampp_1.7.3\xampp\htdocs\superparts_s2\app\views\elements\customers\paging.ctp, line 24]
2010-10-26 01:01:38 Warning: Warning (512): Controller::paginate() - can't find model Customer in controller Controller in [D:\xampp_1.7.3\xampp\htdocs\superparts_s2\app\controllers\components\paging.php, line 55]
2010-10-26 01:01:38 Warning: Warning (512): Method CustomPaginatorHelper::prev does not exist in [D:\xampp_1.7.3\xampp\htdocs\superparts_s2\cake\libs\view\helper.php, line 154]
2010-10-26 01:03:30 Warning: Warning (2): array_merge() [<a href='http://php.net/function.array-merge'>function.array-merge</a>]: Argument #2 is not an array in [D:\xampp_1.7.3\xampp\htdocs\superparts_s2\app\controllers\components\paging.php, line 22]
2010-10-26 01:03:30 Warning: Warning (2): array_merge() [<a href='http://php.net/function.array-merge'>function.array-merge</a>]: Argument #2 is not an array in [D:\xampp_1.7.3\xampp\htdocs\superparts_s2\app\controllers\components\paging.php, line 31]
2010-10-26 01:03:30 Warning: Warning (512): Method CustomPaginatorHelper::prev does not exist in [D:\xampp_1.7.3\xampp\htdocs\superparts_s2\cake\libs\view\helper.php, line 154]
2010-10-26 01:04:47 Warning: Warning (2): array_merge() [<a href='http://php.net/function.array-merge'>function.array-merge</a>]: Argument #2 is not an array in [D:\xampp_1.7.3\xampp\htdocs\superparts_s2\app\controllers\components\paging.php, line 14]
2010-10-26 01:04:47 Warning: Warning (2): array_merge() [<a href='http://php.net/function.array-merge'>function.array-merge</a>]: Argument #2 is not an array in [D:\xampp_1.7.3\xampp\htdocs\superparts_s2\app\controllers\components\paging.php, line 23]
2010-10-26 01:04:48 Warning: Warning (512): Method CustomPaginatorHelper::prev does not exist in [D:\xampp_1.7.3\xampp\htdocs\superparts_s2\cake\libs\view\helper.php, line 154]
2010-10-26 01:08:20 Warning: Warning (2): array_merge() [<a href='http://php.net/function.array-merge'>function.array-merge</a>]: Argument #2 is not an array in [D:\xampp_1.7.3\xampp\htdocs\superparts_s2\app\controllers\components\paging.php, line 14]
2010-10-26 01:08:20 Warning: Warning (2): array_merge() [<a href='http://php.net/function.array-merge'>function.array-merge</a>]: Argument #2 is not an array in [D:\xampp_1.7.3\xampp\htdocs\superparts_s2\app\controllers\components\paging.php, line 23]
2010-10-26 01:08:21 Warning: Warning (512): Method CustomPaginatorHelper::prev does not exist in [D:\xampp_1.7.3\xampp\htdocs\superparts_s2\cake\libs\view\helper.php, line 154]
2010-10-26 01:08:37 Warning: Warning (2): array_merge() [<a href='http://php.net/function.array-merge'>function.array-merge</a>]: Argument #2 is not an array in [D:\xampp_1.7.3\xampp\htdocs\superparts_s2\app\controllers\components\paging.php, line 23]
2010-10-26 01:08:37 Warning: Warning (512): Method CustomPaginatorHelper::prev does not exist in [D:\xampp_1.7.3\xampp\htdocs\superparts_s2\cake\libs\view\helper.php, line 154]
2010-10-26 01:08:46 Warning: Warning (512): Method CustomPaginatorHelper::prev does not exist in [D:\xampp_1.7.3\xampp\htdocs\superparts_s2\cake\libs\view\helper.php, line 154]
2010-10-26 01:20:33 Warning: Warning (512): Method CustomPaginatorHelper::params does not exist in [D:\xampp_1.7.3\xampp\htdocs\superparts_s2\cake\libs\view\helper.php, line 154]
2010-10-26 01:22:02 Warning: Warning (512): Method CustomPaginatorHelper::params does not exist in [D:\xampp_1.7.3\xampp\htdocs\superparts_s2\cake\libs\view\helper.php, line 154]
2010-10-26 01:39:08 Warning: Warning (2): Division by zero in [D:\xampp_1.7.3\xampp\htdocs\superparts_s2\app\controllers\customers_controller.php, line 29]
2010-10-26 01:40:04 Warning: Warning (2): Invalid argument supplied for foreach() in [D:\xampp_1.7.3\xampp\htdocs\superparts_s2\app\views\elements\customers\paging.ctp, line 24]
2010-10-26 01:41:56 Warning: Warning (2): Invalid argument supplied for foreach() in [D:\xampp_1.7.3\xampp\htdocs\superparts_s2\app\views\elements\customers\paging.ctp, line 24]
2010-10-26 02:54:58 Warning: Warning (512): <span style="color:Red;text-align:left"><b>SQL Error:</b> 1054: Unknown column 'limit' in 'where clause'</span> in [D:\xampp_1.7.3\xampp\htdocs\superparts_s2\cake\libs\model\datasources\dbo_source.php, line 681]
2010-10-26 02:54:58 Warning: Warning (2): Invalid argument supplied for foreach() in [D:\xampp_1.7.3\xampp\htdocs\superparts_s2\app\views\elements\customers\paging.ctp, line 31]
2010-10-26 22:26:25 Warning: Warning (2): array_merge() [<a href='http://php.net/function.array-merge'>function.array-merge</a>]: Argument #1 is not an array in [D:\xampp_1.7.3\xampp\htdocs\superparts_s2\app\controllers\customers_controller.php, line 135]
2010-10-26 22:26:25 Warning: Warning (2): Invalid argument supplied for foreach() in [D:\xampp_1.7.3\xampp\htdocs\superparts_s2\app\views\elements\customers\paging.ctp, line 12]
2010-10-26 22:27:33 Warning: Warning (2): array_merge() [<a href='http://php.net/function.array-merge'>function.array-merge</a>]: Argument #1 is not an array in [D:\xampp_1.7.3\xampp\htdocs\superparts_s2\app\controllers\customers_controller.php, line 135]
2010-10-26 22:27:33 Warning: Warning (2): Invalid argument supplied for foreach() in [D:\xampp_1.7.3\xampp\htdocs\superparts_s2\app\views\elements\customers\paging.ctp, line 12]
2010-10-26 22:45:54 Warning: Warning (4096): Object of class View could not be converted to string in [D:\xampp_1.7.3\xampp\htdocs\superparts_s2\app\views\customers\maint.ctp, line 10]
2010-10-26 23:02:47 Warning: Warning (512): <span style="color:Red;text-align:left"><b>SQL Error:</b> 1048: Column 'make_id' cannot be null</span> in [D:\xampp_1.7.3\xampp\htdocs\superparts_s2\cake\libs\model\datasources\dbo_source.php, line 681]
2010-10-26 23:07:24 Warning: Warning (512): <span style="color:Red;text-align:left"><b>SQL Error:</b> 1048: Column 'make_id' cannot be null</span> in [D:\xampp_1.7.3\xampp\htdocs\superparts_s2\cake\libs\model\datasources\dbo_source.php, line 681]
2010-10-28 23:10:46 Warning: Warning (512): <span style="color:Red;text-align:left"><b>SQL Error:</b> 1052: Column 'id' in where clause is ambiguous</span> in [D:\xampp_1.7.3\xampp\htdocs\superparts_s2\cake\libs\model\datasources\dbo_source.php, line 681]
2010-10-30 00:26:53 Warning: Warning (512): <span style="color:Red;text-align:left"><b>SQL Error:</b> 1052: Column 'id' in where clause is ambiguous</span> in [D:\xampp_1.7.3\xampp\htdocs\superparts_s2\cake\libs\model\datasources\dbo_source.php, line 681]
2010-10-30 00:27:14 Warning: Warning (512): <span style="color:Red;text-align:left"><b>SQL Error:</b> 1054: Unknown column 'So.customer_id' in 'on clause'</span> in [D:\xampp_1.7.3\xampp\htdocs\superparts_s2\cake\libs\model\datasources\dbo_source.php, line 681]
2010-10-30 00:27:40 Warning: Warning (512): <span style="color:Red;text-align:left"><b>SQL Error:</b> 1054: Unknown column 'So.customer_id' in 'on clause'</span> in [D:\xampp_1.7.3\xampp\htdocs\superparts_s2\cake\libs\model\datasources\dbo_source.php, line 681]
2010-10-30 00:30:47 Warning: Warning (512): <span style="color:Red;text-align:left"><b>SQL Error:</b> 1054: Unknown column 'SoDetail.so_id' in 'field list'</span> in [D:\xampp_1.7.3\xampp\htdocs\superparts_s2\cake\libs\model\datasources\dbo_source.php, line 681]
2010-10-30 00:30:47 Warning: Warning (2): Invalid argument supplied for foreach() in [D:\xampp_1.7.3\xampp\htdocs\superparts_s2\cake\libs\model\datasources\dbo_source.php, line 1095]
2010-10-30 01:54:26 Warning: Warning (512): <span style="color:Red;text-align:left"><b>SQL Error:</b> 1048: Column 'unit_price' cannot be null</span> in [D:\xampp_1.7.3\xampp\htdocs\superparts_s2\cake\libs\model\datasources\dbo_source.php, line 681]
2010-10-30 01:56:25 Warning: Warning (512): <span style="color:Red;text-align:left"><b>SQL Error:</b> 1048: Column 'subtotal' cannot be null</span> in [D:\xampp_1.7.3\xampp\htdocs\superparts_s2\cake\libs\model\datasources\dbo_source.php, line 681]
2010-10-30 02:21:52 Warning: Warning (512): <span style="color:Red;text-align:left"><b>SQL Error:</b> 1048: Column 'qty' cannot be null</span> in [D:\xampp_1.7.3\xampp\htdocs\superparts_s2\cake\libs\model\datasources\dbo_source.php, line 681]
2010-10-30 15:52:02 Warning: Warning (512): <span style="color:Red;text-align:left"><b>SQL Error:</b> 1048: Column 'qty' cannot be null</span> in [D:\xampp_1.7.3\xampp\htdocs\superparts_s2\cake\libs\model\datasources\dbo_source.php, line 681]
2010-10-30 15:57:53 Warning: Warning (512): <span style="color:Red;text-align:left"><b>SQL Error:</b> 1048: Column 'qty' cannot be null</span> in [D:\xampp_1.7.3\xampp\htdocs\superparts_s2\cake\libs\model\datasources\dbo_source.php, line 681]
2010-10-30 15:59:40 Warning: Warning (512): <span style="color:Red;text-align:left"><b>SQL Error:</b> 1048: Column 'qty' cannot be null</span> in [D:\xampp_1.7.3\xampp\htdocs\superparts_s2\cake\libs\model\datasources\dbo_source.php, line 681]
2010-10-30 16:00:08 Warning: Warning (512): <span style="color:Red;text-align:left"><b>SQL Error:</b> 1048: Column 'qty' cannot be null</span> in [D:\xampp_1.7.3\xampp\htdocs\superparts_s2\cake\libs\model\datasources\dbo_source.php, line 681]
2010-10-30 16:34:52 Warning: Warning (2): Division by zero in [D:\xampp_1.7.3\xampp\htdocs\superparts_s2\app\controllers\so_controller.php, line 74]
2010-10-30 16:35:16 Warning: Warning (2): Division by zero in [D:\xampp_1.7.3\xampp\htdocs\superparts_s2\app\controllers\so_controller.php, line 74]
2010-10-30 16:36:09 Warning: Warning (2): Division by zero in [D:\xampp_1.7.3\xampp\htdocs\superparts_s2\app\controllers\so_controller.php, line 74]
2010-10-30 21:03:39 Warning: Warning (512): <span style="color:Red;text-align:left"><b>SQL Error:</b> 1054: Unknown column 'So.customer_id' in 'on clause'</span> in [D:\xampp_1.7.3\xampp\htdocs\superparts_s2\cake\libs\model\datasources\dbo_source.php, line 681]
2010-10-30 21:04:56 Warning: Warning (512): <span style="color:Red;text-align:left"><b>SQL Error:</b> 1054: Unknown column 'So.customer_id' in 'on clause'</span> in [D:\xampp_1.7.3\xampp\htdocs\superparts_s2\cake\libs\model\datasources\dbo_source.php, line 681]
2010-10-31 00:06:41 Warning: Warning (2): Missing argument 2 for Controller::flash(), called in D:\xampp_1.7.3\xampp\htdocs\superparts_s2\app\controllers\customers_controller.php on line 165 and defined in [D:\xampp_1.7.3\xampp\htdocs\superparts_s2\cake\libs\controller\controller.php, line 977]
2010-10-31 14:16:48 Warning: Warning (2): preg_match() [<a href='http://php.net/function.preg-match'>function.preg-match</a>]: Delimiter must not be alphanumeric or backslash in [D:\xampp_1.7.3\xampp\htdocs\superparts_s2\cake\libs\model\model.php, line 2596]
2010-10-31 14:17:08 Warning: Warning (2): preg_match() [<a href='http://php.net/function.preg-match'>function.preg-match</a>]: Delimiter must not be alphanumeric or backslash in [D:\xampp_1.7.3\xampp\htdocs\superparts_s2\cake\libs\model\model.php, line 2596]
2010-10-31 14:17:45 Warning: Warning (2): preg_match() [<a href='http://php.net/function.preg-match'>function.preg-match</a>]: Delimiter must not be alphanumeric or backslash in [D:\xampp_1.7.3\xampp\htdocs\superparts_s2\cake\libs\model\model.php, line 2596]
